c:\users\dmn\github\goobysoft\goobysoft\x64\release\vc143.pdb
c:\users\dmn\github\goobysoft\goobysoft\x64\release\windows.obj
c:\users\dmn\github\goobysoft\goobysoft\x64\release\createmeasurementdialog.obj
c:\users\dmn\github\goobysoft\goobysoft\x64\release\configuremeasurementdialog.obj
c:\users\dmn\github\goobysoft\goobysoft\x64\release\logfilepathdialog.obj
c:\users\dmn\github\goobysoft\goobysoft\x64\release\usbconnectiondialog.obj
c:\users\dmn\github\goobysoft\goobysoft\x64\release\databaseconnectiondialog.obj
c:\users\dmn\github\goobysoft\goobysoft\x64\release\parameters.obj
c:\users\dmn\github\goobysoft\goobysoft\x64\release\mysql.obj
c:\users\dmn\github\goobysoft\goobysoft\x64\release\databases.obj
c:\users\dmn\github\goobysoft\goobysoft\x64\release\algorithms.obj
c:\users\dmn\github\goobysoft\goobysoft\x64\release\usb.obj
c:\users\dmn\github\goobysoft\goobysoft\x64\release\modbus.obj
c:\users\dmn\github\goobysoft\goobysoft\x64\release\cdc.obj
c:\users\dmn\github\goobysoft\goobysoft\x64\release\filesystem.obj
c:\users\dmn\github\goobysoft\goobysoft\x64\release\createitems.obj
c:\users\dmn\github\goobysoft\goobysoft\x64\release\imguifiledialog.obj
c:\users\dmn\github\goobysoft\goobysoft\x64\release\createdialogs.obj
c:\users\dmn\github\goobysoft\goobysoft\x64\release\adl400.obj
c:\users\dmn\github\goobysoft\goobysoft\x64\release\goobysoft.obj
c:\users\dmn\github\goobysoft\goobysoft\x64\release\viewmeasurementdialog.obj
c:\users\dmn\github\goobysoft\x64\release\boost_filesystem-vc143-mt-x64-1_82.dll
c:\users\dmn\github\goobysoft\x64\release\glfw3.dll
c:\users\dmn\github\goobysoft\x64\release\modbus.dll
c:\users\dmn\github\goobysoft\x64\release\mysqlcppconn8-2-vs14.dll
c:\users\dmn\github\goobysoft\x64\release\libssl-3-x64.dll
c:\users\dmn\github\goobysoft\x64\release\libcrypto-3-x64.dll
c:\users\dmn\github\goobysoft\x64\release\freetype.dll
c:\users\dmn\github\goobysoft\x64\release\zlib1.dll
c:\users\dmn\github\goobysoft\x64\release\bz2.dll
c:\users\dmn\github\goobysoft\x64\release\libpng16.dll
c:\users\dmn\github\goobysoft\x64\release\brotlidec.dll
c:\users\dmn\github\goobysoft\x64\release\brotlicommon.dll
c:\users\dmn\github\goobysoft\x64\release\goobysoft.lib
c:\users\dmn\github\goobysoft\x64\release\goobysoft.exp
c:\users\dmn\github\goobysoft\x64\release\goobysoft.exe
c:\users\dmn\github\goobysoft\goobysoft\x64\release\goobysoft.ipdb
c:\users\dmn\github\goobysoft\x64\release\goobysoft.pdb
c:\users\dmn\github\goobysoft\goobysoft\x64\release\goobysoft.iobj
c:\users\dmn\github\goobysoft\goobysoft\x64\release\images.res
c:\users\dmn\github\goobysoft\goobysoft\x64\release\goobysoft.tlog\cl.command.1.tlog
c:\users\dmn\github\goobysoft\goobysoft\x64\release\goobysoft.tlog\cl.items.tlog
c:\users\dmn\github\goobysoft\goobysoft\x64\release\goobysoft.tlog\cl.read.1.tlog
c:\users\dmn\github\goobysoft\goobysoft\x64\release\goobysoft.tlog\cl.write.1.tlog
c:\users\dmn\github\goobysoft\goobysoft\x64\release\goobysoft.tlog\goobysoft.write.1u.tlog
c:\users\dmn\github\goobysoft\goobysoft\x64\release\goobysoft.tlog\link.command.1.tlog
c:\users\dmn\github\goobysoft\goobysoft\x64\release\goobysoft.tlog\link.read.1.tlog
c:\users\dmn\github\goobysoft\goobysoft\x64\release\goobysoft.tlog\link.write.1.tlog
c:\users\dmn\github\goobysoft\goobysoft\x64\release\goobysoft.tlog\link.write.2u.tlog
c:\users\dmn\github\goobysoft\goobysoft\x64\release\goobysoft.tlog\rc.command.1.tlog
c:\users\dmn\github\goobysoft\goobysoft\x64\release\goobysoft.tlog\rc.read.1.tlog
c:\users\dmn\github\goobysoft\goobysoft\x64\release\goobysoft.tlog\rc.write.1.tlog
