c:\users\dmn\github\goobysoft\goobysoft\x64\debug\vc143.pdb
c:\users\dmn\github\goobysoft\goobysoft\x64\debug\vc143.idb
c:\users\dmn\github\goobysoft\goobysoft\x64\debug\createmeasurementdialog.obj
c:\users\dmn\github\goobysoft\goobysoft\x64\debug\configuremeasurementdialog.obj
c:\users\dmn\github\goobysoft\goobysoft\x64\debug\logfilepathdialog.obj
c:\users\dmn\github\goobysoft\goobysoft\x64\debug\usbconnectiondialog.obj
c:\users\dmn\github\goobysoft\goobysoft\x64\debug\databaseconnectiondialog.obj
c:\users\dmn\github\goobysoft\goobysoft\x64\debug\parameters.obj
c:\users\dmn\github\goobysoft\goobysoft\x64\debug\mysql.obj
c:\users\dmn\github\goobysoft\goobysoft\x64\debug\databases.obj
c:\users\dmn\github\goobysoft\goobysoft\x64\debug\algorithms.obj
c:\users\dmn\github\goobysoft\goobysoft\x64\debug\usb.obj
c:\users\dmn\github\goobysoft\goobysoft\x64\debug\modbus.obj
c:\users\dmn\github\goobysoft\goobysoft\x64\debug\cdc.obj
c:\users\dmn\github\goobysoft\goobysoft\x64\debug\filesystem.obj
c:\users\dmn\github\goobysoft\goobysoft\x64\debug\createitems.obj
c:\users\dmn\github\goobysoft\goobysoft\x64\debug\createdialogs.obj
c:\users\dmn\github\goobysoft\goobysoft\x64\debug\adl400.obj
c:\users\dmn\github\goobysoft\goobysoft\x64\debug\goobysoft.obj
c:\users\dmn\github\goobysoft\goobysoft\x64\debug\windows.obj
c:\users\dmn\github\goobysoft\goobysoft\x64\debug\viewmeasurementdialog.obj
c:\users\dmn\github\goobysoft\goobysoft\x64\debug\imgui_impl_opengl2.obj
c:\users\dmn\github\goobysoft\goobysoft\x64\debug\imgui_impl_sdl2.obj
c:\users\dmn\github\goobysoft\x64\debug\boost_filesystem-vc143-mt-gd-x64-1_82.dll
c:\users\dmn\github\goobysoft\x64\debug\glfw3.dll
c:\users\dmn\github\goobysoft\x64\debug\modbus.dll
c:\users\dmn\github\goobysoft\x64\debug\mysqlcppconn8-2-vs14.dll
c:\users\dmn\github\goobysoft\x64\debug\libssl-3-x64.dll
c:\users\dmn\github\goobysoft\x64\debug\libcrypto-3-x64.dll
c:\users\dmn\github\goobysoft\x64\debug\goobysoft.lib
c:\users\dmn\github\goobysoft\x64\debug\goobysoft.exp
c:\users\dmn\github\goobysoft\x64\debug\goobysoft.exe
c:\users\dmn\github\goobysoft\goobysoft\x64\debug\goobysoft.ilk
c:\users\dmn\github\goobysoft\x64\debug\goobysoft.pdb
c:\users\dmn\github\goobysoft\goobysoft\x64\debug\images.res
c:\users\dmn\github\goobysoft\goobysoft\x64\debug\imgui.obj
c:\users\dmn\github\goobysoft\goobysoft\x64\debug\imguifiledialog.obj
c:\users\dmn\github\goobysoft\goobysoft\x64\debug\imgui_demo.obj
c:\users\dmn\github\goobysoft\goobysoft\x64\debug\imgui_draw.obj
c:\users\dmn\github\goobysoft\goobysoft\x64\debug\imgui_impl_glfw.obj
c:\users\dmn\github\goobysoft\goobysoft\x64\debug\imgui_impl_opengl3.obj
c:\users\dmn\github\goobysoft\goobysoft\x64\debug\imgui_tables.obj
c:\users\dmn\github\goobysoft\goobysoft\x64\debug\imgui_widgets.obj
c:\users\dmn\github\goobysoft\goobysoft\x64\debug\implot.obj
c:\users\dmn\github\goobysoft\goobysoft\x64\debug\implot_items.obj
c:\users\dmn\github\goobysoft\goobysoft\x64\debug\goobysoft.tlog\cl.command.1.tlog
c:\users\dmn\github\goobysoft\goobysoft\x64\debug\goobysoft.tlog\cl.items.tlog
c:\users\dmn\github\goobysoft\goobysoft\x64\debug\goobysoft.tlog\cl.read.1.tlog
c:\users\dmn\github\goobysoft\goobysoft\x64\debug\goobysoft.tlog\cl.write.1.tlog
c:\users\dmn\github\goobysoft\goobysoft\x64\debug\goobysoft.tlog\goobysoft.write.1u.tlog
c:\users\dmn\github\goobysoft\goobysoft\x64\debug\goobysoft.tlog\link-cvtres.read.1.tlog
c:\users\dmn\github\goobysoft\goobysoft\x64\debug\goobysoft.tlog\link-cvtres.write.1.tlog
c:\users\dmn\github\goobysoft\goobysoft\x64\debug\goobysoft.tlog\link-rc.read.1.tlog
c:\users\dmn\github\goobysoft\goobysoft\x64\debug\goobysoft.tlog\link-rc.write.1.tlog
c:\users\dmn\github\goobysoft\goobysoft\x64\debug\goobysoft.tlog\link.command.1.tlog
c:\users\dmn\github\goobysoft\goobysoft\x64\debug\goobysoft.tlog\link.read.1.tlog
c:\users\dmn\github\goobysoft\goobysoft\x64\debug\goobysoft.tlog\link.read.2.tlog
c:\users\dmn\github\goobysoft\goobysoft\x64\debug\goobysoft.tlog\link.read.3.tlog
c:\users\dmn\github\goobysoft\goobysoft\x64\debug\goobysoft.tlog\link.write.1.tlog
c:\users\dmn\github\goobysoft\goobysoft\x64\debug\goobysoft.tlog\link.write.2u.tlog
c:\users\dmn\github\goobysoft\goobysoft\x64\debug\goobysoft.tlog\rc.command.1.tlog
c:\users\dmn\github\goobysoft\goobysoft\x64\debug\goobysoft.tlog\rc.read.1.tlog
c:\users\dmn\github\goobysoft\goobysoft\x64\debug\goobysoft.tlog\rc.write.1.tlog
