c:\users\dmn\github\modbusreader\modbusreader\x64\debug\vc143.pdb
c:\users\dmn\github\modbusreader\modbusreader\x64\debug\vc143.idb
c:\users\dmn\github\modbusreader\modbusreader\x64\debug\windows.obj
c:\users\dmn\github\modbusreader\modbusreader\x64\debug\testmeasurementdialog.obj
c:\users\dmn\github\modbusreader\modbusreader\x64\debug\connectiondialog.obj
c:\users\dmn\github\modbusreader\modbusreader\x64\debug\modbusreader.obj
c:\users\dmn\github\modbusreader\modbusreader\x64\debug\usb.obj
c:\users\dmn\github\modbusreader\modbusreader\x64\debug\createitems.obj
c:\users\dmn\github\modbusreader\modbusreader\x64\debug\parameterstore.obj
c:\users\dmn\github\modbusreader\modbusreader\x64\debug\modbus.obj
c:\users\dmn\github\modbusreader\modbusreader\x64\debug\database.obj
c:\users\dmn\github\modbusreader\modbusreader\x64\debug\modbusconnectiondialog.obj
c:\users\dmn\github\modbusreader\modbusreader\x64\debug\databaseconnectiondialog.obj
c:\users\dmn\github\modbusreader\modbusreader\x64\debug\usbconnectiondialog.obj
c:\users\dmn\github\modbusreader\modbusreader\x64\debug\createimguiitems.obj
c:\users\dmn\github\modbusreader\modbusreader\x64\debug\modbusrtuconnectiondialog.obj
c:\users\dmn\github\modbusreader\modbusreader\x64\debug\adl400measurementdialog.obj
c:\users\dmn\github\modbusreader\modbusreader\x64\debug\logfilepathdialog.obj
c:\users\dmn\github\modbusreader\modbusreader\x64\debug\filesystem.obj
c:\users\dmn\github\modbusreader\modbusreader\x64\debug\createimguidialogs.obj
c:\users\dmn\github\modbusreader\modbusreader\x64\debug\createdialogs.obj
c:\users\dmn\github\modbusreader\x64\debug\modbusreader.exe
c:\users\dmn\github\modbusreader\modbusreader\x64\debug\modbusreader.ilk
c:\users\dmn\github\modbusreader\x64\debug\modbusreader.pdb
c:\users\dmn\github\modbusreader\x64\debug\glfw3.dll
c:\users\dmn\github\modbusreader\x64\debug\modbus.dll
c:\users\dmn\github\modbusreader\x64\debug\freetyped.dll
c:\users\dmn\github\modbusreader\x64\debug\zlibd1.dll
c:\users\dmn\github\modbusreader\x64\debug\bz2d.dll
c:\users\dmn\github\modbusreader\x64\debug\libpng16d.dll
c:\users\dmn\github\modbusreader\x64\debug\brotlidec.dll
c:\users\dmn\github\modbusreader\x64\debug\brotlicommon.dll
c:\users\dmn\github\modbusreader\x64\debug\mysqlcppconn8-2-vs14.dll
c:\users\dmn\github\modbusreader\x64\debug\libssl-3-x64.dll
c:\users\dmn\github\modbusreader\x64\debug\libcrypto-3-x64.dll
c:\users\dmn\github\modbusreader\x64\debug\boost_filesystem-vc143-mt-gd-x64-1_82.dll
c:\users\dmn\github\modbusreader\modbusreader\x64\debug\databaseconnectiondialog.obj.enc
c:\users\dmn\github\modbusreader\modbusreader\x64\debug\modbusreader.tlog\cl.command.1.tlog
c:\users\dmn\github\modbusreader\modbusreader\x64\debug\modbusreader.tlog\cl.read.1.tlog
c:\users\dmn\github\modbusreader\modbusreader\x64\debug\modbusreader.tlog\cl.write.1.tlog
c:\users\dmn\github\modbusreader\modbusreader\x64\debug\modbusreader.tlog\link.command.1.tlog
c:\users\dmn\github\modbusreader\modbusreader\x64\debug\modbusreader.tlog\link.read.1.tlog
c:\users\dmn\github\modbusreader\modbusreader\x64\debug\modbusreader.tlog\link.write.1.tlog
c:\users\dmn\github\modbusreader\modbusreader\x64\debug\modbusreader.tlog\modbusreader.write.1u.tlog
