
C:\Users\dmn\GitHub\GoobySoft\x64\Debug\boost_filesystem-vc143-mt-gd-x64-1_82.dll
C:\Users\dmn\GitHub\GoobySoft\x64\Debug\modbus.dll
C:\Users\dmn\GitHub\GoobySoft\x64\Debug\mysqlcppconn8-2-vs14.dll
C:\Users\dmn\GitHub\GoobySoft\x64\Debug\zlibd1.dll
C:\Users\dmn\GitHub\GoobySoft\x64\Debug\lz4d.dll
C:\Users\dmn\GitHub\GoobySoft\x64\Debug\zstd.dll
C:\Users\dmn\GitHub\GoobySoft\x64\Debug\libssl-3-x64.dll
C:\Users\dmn\GitHub\GoobySoft\x64\Debug\libcrypto-3-x64.dll
C:\Users\dmn\GitHub\GoobySoft\x64\Debug\libprotobuf-lited.dll
C:\Users\dmn\GitHub\GoobySoft\x64\Debug\opencv_core4d.dll
C:\Users\dmn\GitHub\GoobySoft\x64\Debug\opencv_imgcodecs4d.dll
C:\Users\dmn\GitHub\GoobySoft\x64\Debug\opencv_imgproc4d.dll
C:\Users\dmn\GitHub\GoobySoft\x64\Debug\jpeg62.dll
C:\Users\dmn\GitHub\GoobySoft\x64\Debug\libwebpdecoder.dll
C:\Users\dmn\GitHub\GoobySoft\x64\Debug\libwebp.dll
C:\Users\dmn\GitHub\GoobySoft\x64\Debug\libsharpyuv.dll
C:\Users\dmn\GitHub\GoobySoft\x64\Debug\libpng16d.dll
C:\Users\dmn\GitHub\GoobySoft\x64\Debug\tiffd.dll
C:\Users\dmn\GitHub\GoobySoft\x64\Debug\liblzma.dll
C:\Users\dmn\GitHub\GoobySoft\x64\Debug\opencv_videoio4d.dll
C:\Users\dmn\GitHub\GoobySoft\x64\Debug\SDL2d.dll
