  ConfigureSAEJ1939IdentificationsDialog.cpp
C:\Users\dmn\GitHub\GoobySoft\GoobySoft\Tools\Communications\Devices\STM32PLC\STM32PLC.h(27,10): warning C4091: 'typedef ': ignored on left of '<unnamed-enum-STM32PLC_SEND_BACK_CAN_MESSAGE_TYPE>' when no variable is declared
  CreateMeasurementDialog.cpp
C:\Users\dmn\GitHub\GoobySoft\GoobySoft\Tools\Communications\Devices\STM32PLC\STM32PLC.h(27,10): warning C4091: 'typedef ': ignored on left of '<unnamed-enum-STM32PLC_SEND_BACK_CAN_MESSAGE_TYPE>' when no variable is declared
C:\Users\dmn\GitHub\GoobySoft\GoobySoft\Windows\Dialogs\MeasurementDialogs\CreateMeasurementDialog\CreateMeasurementDialog.cpp(50,75): warning C4244: 'argument': conversion from 'int' to 'float', possible loss of data
C:\Users\dmn\GitHub\GoobySoft\GoobySoft\Windows\Dialogs\MeasurementDialogs\CreateMeasurementDialog\CreateMeasurementDialog.cpp(50,62): warning C4244: 'argument': conversion from 'int' to 'float', possible loss of data
C:\Users\dmn\GitHub\GoobySoft\GoobySoft\Windows\Dialogs\MeasurementDialogs\CreateMeasurementDialog\CreateMeasurementDialog.cpp(53,36): warning C4244: '=': conversion from 'int' to 'float', possible loss of data
C:\Users\dmn\GitHub\GoobySoft\GoobySoft\Windows\Dialogs\MeasurementDialogs\CreateMeasurementDialog\CreateMeasurementDialog.cpp(68,43): warning C4244: '=': conversion from 'int' to 'float', possible loss of data
C:\Users\dmn\GitHub\GoobySoft\GoobySoft\Windows\Dialogs\MeasurementDialogs\CreateMeasurementDialog\CreateMeasurementDialog.cpp(73,44): warning C4244: '=': conversion from 'int' to 'float', possible loss of data
C:\Users\dmn\GitHub\GoobySoft\GoobySoft\Windows\Dialogs\MeasurementDialogs\CreateMeasurementDialog\CreateMeasurementDialog.cpp(209,18): warning C4244: 'initializing': conversion from '_Rep' to 'int', possible loss of data
          with
          [
              _Rep=__int64
          ]
  ViewMeasurementDialog.cpp
C:\Users\dmn\GitHub\GoobySoft\GoobySoft\Tools\Communications\Devices\STM32PLC\STM32PLC.h(27,10): warning C4091: 'typedef ': ignored on left of '<unnamed-enum-STM32PLC_SEND_BACK_CAN_MESSAGE_TYPE>' when no variable is declared
  Request_Software_Identification.c
     Creating library C:\Users\dmn\GitHub\GoobySoft\Release\GoobySoft.lib and object C:\Users\dmn\GitHub\GoobySoft\Release\GoobySoft.exp
  Generating code
  9 of 7278 functions ( 0.1%) were compiled, the rest were copied from previous compilation.
    0 functions were new in current compilation
    50 functions had inline decision re-evaluated but remain unchanged
  Finished generating code
  GoobySoft.vcxproj -> C:\Users\dmn\GitHub\GoobySoft\Release\GoobySoft.exe
