c:\users\dmn\github\goobysoft\goobysoft\release\vc143.pdb
c:\users\dmn\github\goobysoft\goobysoft\release\databases.obj
c:\users\dmn\github\goobysoft\goobysoft\release\algorithms.obj
c:\users\dmn\github\goobysoft\goobysoft\release\usb.obj
c:\users\dmn\github\goobysoft\goobysoft\release\cdc.obj
c:\users\dmn\github\goobysoft\goobysoft\release\filesystem.obj
c:\users\dmn\github\goobysoft\goobysoft\release\createitems.obj
c:\users\dmn\github\goobysoft\goobysoft\release\createdialogs.obj
c:\users\dmn\github\goobysoft\goobysoft\release\adl400.obj
c:\users\dmn\github\goobysoft\goobysoft\release\goobysoft.obj
c:\users\dmn\github\goobysoft\goobysoft\release\windows.obj
c:\users\dmn\github\goobysoft\goobysoft\release\viewmeasurementdialog.obj
c:\users\dmn\github\goobysoft\goobysoft\release\createmeasurementdialog.obj
c:\users\dmn\github\goobysoft\goobysoft\release\configuremeasurementdialog.obj
c:\users\dmn\github\goobysoft\goobysoft\release\logfilepathdialog.obj
c:\users\dmn\github\goobysoft\goobysoft\release\usbconnectiondialog.obj
c:\users\dmn\github\goobysoft\goobysoft\release\databaseconnectiondialog.obj
c:\users\dmn\github\goobysoft\goobysoft\release\parameters.obj
c:\users\dmn\github\goobysoft\goobysoft\release\mysql.obj
c:\users\dmn\github\goobysoft\goobysoft\release\imgui_impl_sdl2.obj
c:\users\dmn\github\goobysoft\goobysoft\release\imgui_impl_opengl3.obj
c:\users\dmn\github\goobysoft\goobysoft\release\networkconnectiondialog.obj
c:\users\dmn\github\goobysoft\goobysoft\release\network.obj
c:\users\dmn\github\goobysoft\goobysoft\release\stm32plc.obj
c:\users\dmn\github\goobysoft\goobysoft\release\devices.obj
c:\users\dmn\github\goobysoft\goobysoft\release\imgui_widgets.obj
c:\users\dmn\github\goobysoft\goobysoft\release\imgui_tables.obj
c:\users\dmn\github\goobysoft\goobysoft\release\imgui_draw.obj
c:\users\dmn\github\goobysoft\goobysoft\release\imgui_demo.obj
c:\users\dmn\github\goobysoft\goobysoft\release\imgui.obj
c:\users\dmn\github\goobysoft\goobysoft\release\imguifiledialog.obj
c:\users\dmn\github\goobysoft\goobysoft\release\modbusrtu.obj
c:\users\dmn\github\goobysoft\goobysoft\release\modbustcp.obj
c:\users\dmn\github\goobysoft\goobysoft\release\implot_items.obj
c:\users\dmn\github\goobysoft\goobysoft\release\implot.obj
c:\users\dmn\github\goobysoft\goobysoft\release\opensaej1939.obj
c:\users\dmn\github\goobysoft\goobysoft\release\dm15.obj
c:\users\dmn\github\goobysoft\goobysoft\release\dm14.obj
c:\users\dmn\github\goobysoft\goobysoft\release\dm1.obj
c:\users\dmn\github\goobysoft\goobysoft\release\request_software_identification.obj
c:\users\dmn\github\goobysoft\goobysoft\release\request_ecu_identification.obj
c:\users\dmn\github\goobysoft\goobysoft\release\request_component_identification.obj
c:\users\dmn\github\goobysoft\goobysoft\release\transport_protocol_data_transfer.obj
c:\users\dmn\github\goobysoft\goobysoft\release\transport_protocol_connection_management.obj
c:\users\dmn\github\goobysoft\goobysoft\release\request.obj
c:\users\dmn\github\goobysoft\goobysoft\release\acknowledgement.obj
c:\users\dmn\github\goobysoft\goobysoft\release\startup_ecu.obj
c:\users\dmn\github\goobysoft\goobysoft\release\listen_for_messages.obj
c:\users\dmn\github\goobysoft\goobysoft\release\general_purpose_valve_estimated_flow.obj
c:\users\dmn\github\goobysoft\goobysoft\release\general_purpose_valve_command.obj
c:\users\dmn\github\goobysoft\goobysoft\release\auxiliary_valve_measured_position.obj
c:\users\dmn\github\goobysoft\goobysoft\release\auxiliary_valve_estimated_flow.obj
c:\users\dmn\github\goobysoft\goobysoft\release\auxiliary_valve_command.obj
c:\users\dmn\github\goobysoft\goobysoft\release\save_load_struct.obj
c:\users\dmn\github\goobysoft\goobysoft\release\flash_eeprom_ram_memory.obj
c:\users\dmn\github\goobysoft\goobysoft\release\can_transmit_receive.obj
c:\users\dmn\github\goobysoft\goobysoft\release\commanded_address.obj
c:\users\dmn\github\goobysoft\goobysoft\release\address_not_claimed.obj
c:\users\dmn\github\goobysoft\goobysoft\release\address_delete.obj
c:\users\dmn\github\goobysoft\goobysoft\release\address_claimed.obj
c:\users\dmn\github\goobysoft\goobysoft\release\dm3.obj
c:\users\dmn\github\goobysoft\goobysoft\release\dm2.obj
c:\users\dmn\github\goobysoft\goobysoft\release\dm16.obj
c:\users\dmn\github\goobysoft\goobysoft\release\configuresaej1939identificationsdialog.obj
c:\users\dmn\github\goobysoft\release\boost_filesystem-vc143-mt-x32-1_82.dll
c:\users\dmn\github\goobysoft\release\glfw3.dll
c:\users\dmn\github\goobysoft\release\modbus.dll
c:\users\dmn\github\goobysoft\release\mysqlcppconn8-2-vs14.dll
c:\users\dmn\github\goobysoft\release\libssl-3.dll
c:\users\dmn\github\goobysoft\release\libcrypto-3.dll
c:\users\dmn\github\goobysoft\release\sdl2.dll
c:\users\dmn\github\goobysoft\release\goobysoft.lib
c:\users\dmn\github\goobysoft\release\goobysoft.exp
c:\users\dmn\github\goobysoft\release\goobysoft.exe
c:\users\dmn\github\goobysoft\goobysoft\release\goobysoft.ipdb
c:\users\dmn\github\goobysoft\goobysoft\release\goobysoft.iobj
c:\users\dmn\github\goobysoft\release\goobysoft.pdb
c:\users\dmn\github\goobysoft\goobysoft\release\images.res
c:\users\dmn\github\goobysoft\goobysoft\release\imgui_impl_glfw.obj
c:\users\dmn\github\goobysoft\goobysoft\release\modbus.obj
c:\users\dmn\github\goobysoft\goobysoft\release\goobysoft.tlog\cl.command.1.tlog
c:\users\dmn\github\goobysoft\goobysoft\release\goobysoft.tlog\cl.items.tlog
c:\users\dmn\github\goobysoft\goobysoft\release\goobysoft.tlog\cl.read.1.tlog
c:\users\dmn\github\goobysoft\goobysoft\release\goobysoft.tlog\cl.write.1.tlog
c:\users\dmn\github\goobysoft\goobysoft\release\goobysoft.tlog\goobysoft.write.1u.tlog
c:\users\dmn\github\goobysoft\goobysoft\release\goobysoft.tlog\link.command.1.tlog
c:\users\dmn\github\goobysoft\goobysoft\release\goobysoft.tlog\link.read.1.tlog
c:\users\dmn\github\goobysoft\goobysoft\release\goobysoft.tlog\link.write.1.tlog
c:\users\dmn\github\goobysoft\goobysoft\release\goobysoft.tlog\link.write.2u.tlog
c:\users\dmn\github\goobysoft\goobysoft\release\goobysoft.tlog\rc.command.1.tlog
c:\users\dmn\github\goobysoft\goobysoft\release\goobysoft.tlog\rc.read.1.tlog
c:\users\dmn\github\goobysoft\goobysoft\release\goobysoft.tlog\rc.write.1.tlog
