c:\users\dmn\github\goobysoft\goobysoft\debug\vc143.pdb
c:\users\dmn\github\goobysoft\goobysoft\debug\vc143.idb
c:\users\dmn\github\goobysoft\goobysoft\debug\goobysoft.obj
c:\users\dmn\github\goobysoft\goobysoft\debug\windows.obj
c:\users\dmn\github\goobysoft\goobysoft\debug\viewmeasurementdialog.obj
c:\users\dmn\github\goobysoft\goobysoft\debug\createmeasurementdialog.obj
c:\users\dmn\github\goobysoft\goobysoft\debug\configuremeasurementdialog.obj
c:\users\dmn\github\goobysoft\goobysoft\debug\logfilepathdialog.obj
c:\users\dmn\github\goobysoft\goobysoft\debug\usbconnectiondialog.obj
c:\users\dmn\github\goobysoft\goobysoft\debug\databaseconnectiondialog.obj
c:\users\dmn\github\goobysoft\goobysoft\debug\usb.obj
c:\users\dmn\github\goobysoft\goobysoft\debug\createdialogs.obj
c:\users\dmn\github\goobysoft\goobysoft\debug\adl400.obj
c:\users\dmn\github\goobysoft\goobysoft\debug\databases.obj
c:\users\dmn\github\goobysoft\goobysoft\debug\algorithms.obj
c:\users\dmn\github\goobysoft\goobysoft\debug\cdc.obj
c:\users\dmn\github\goobysoft\goobysoft\debug\filesystem.obj
c:\users\dmn\github\goobysoft\goobysoft\debug\createitems.obj
c:\users\dmn\github\goobysoft\goobysoft\debug\parameters.obj
c:\users\dmn\github\goobysoft\goobysoft\debug\mysql.obj
c:\users\dmn\github\goobysoft\goobysoft\debug\imgui_impl_sdl2.obj
c:\users\dmn\github\goobysoft\goobysoft\debug\imgui_impl_opengl3.obj
c:\users\dmn\github\goobysoft\goobysoft\debug\modbusrtu.obj
c:\users\dmn\github\goobysoft\goobysoft\debug\implot_items.obj
c:\users\dmn\github\goobysoft\goobysoft\debug\implot.obj
c:\users\dmn\github\goobysoft\goobysoft\debug\imgui_widgets.obj
c:\users\dmn\github\goobysoft\goobysoft\debug\imgui_tables.obj
c:\users\dmn\github\goobysoft\goobysoft\debug\imgui_draw.obj
c:\users\dmn\github\goobysoft\goobysoft\debug\imgui_demo.obj
c:\users\dmn\github\goobysoft\goobysoft\debug\imgui.obj
c:\users\dmn\github\goobysoft\goobysoft\debug\imguifiledialog.obj
c:\users\dmn\github\goobysoft\goobysoft\debug\modbustcp.obj
c:\users\dmn\github\goobysoft\goobysoft\debug\network.obj
c:\users\dmn\github\goobysoft\goobysoft\debug\stm32plc.obj
c:\users\dmn\github\goobysoft\goobysoft\debug\devices.obj
c:\users\dmn\github\goobysoft\goobysoft\debug\networkconnectiondialog.obj
c:\users\dmn\github\goobysoft\debug\boost_filesystem-vc143-mt-gd-x32-1_82.dll
c:\users\dmn\github\goobysoft\debug\glfw3.dll
c:\users\dmn\github\goobysoft\debug\modbus.dll
c:\users\dmn\github\goobysoft\debug\mysqlcppconn8-2-vs14.dll
c:\users\dmn\github\goobysoft\debug\libssl-3.dll
c:\users\dmn\github\goobysoft\debug\libcrypto-3.dll
c:\users\dmn\github\goobysoft\debug\sdl2d.dll
c:\users\dmn\github\goobysoft\debug\goobysoft.lib
c:\users\dmn\github\goobysoft\debug\goobysoft.exp
c:\users\dmn\github\goobysoft\debug\goobysoft.exe
c:\users\dmn\github\goobysoft\goobysoft\debug\goobysoft.ilk
c:\users\dmn\github\goobysoft\debug\goobysoft.pdb
c:\users\dmn\github\goobysoft\goobysoft\debug\images.res
c:\users\dmn\github\goobysoft\goobysoft\debug\imgui_impl_glfw.obj
c:\users\dmn\github\goobysoft\goobysoft\debug\modbus.obj
c:\users\dmn\github\goobysoft\goobysoft\debug\goobysoft.tlog\cl.command.1.tlog
c:\users\dmn\github\goobysoft\goobysoft\debug\goobysoft.tlog\cl.items.tlog
c:\users\dmn\github\goobysoft\goobysoft\debug\goobysoft.tlog\cl.read.1.tlog
c:\users\dmn\github\goobysoft\goobysoft\debug\goobysoft.tlog\cl.write.1.tlog
c:\users\dmn\github\goobysoft\goobysoft\debug\goobysoft.tlog\clang-cl.10644.write.1.tlog
c:\users\dmn\github\goobysoft\goobysoft\debug\goobysoft.tlog\clang-cl.command.1.tlog
c:\users\dmn\github\goobysoft\goobysoft\debug\goobysoft.tlog\clang-cl.read.1.tlog
c:\users\dmn\github\goobysoft\goobysoft\debug\goobysoft.tlog\goobysoft.write.1u.tlog
c:\users\dmn\github\goobysoft\goobysoft\debug\goobysoft.tlog\link.command.1.tlog
c:\users\dmn\github\goobysoft\goobysoft\debug\goobysoft.tlog\link.read.1.tlog
c:\users\dmn\github\goobysoft\goobysoft\debug\goobysoft.tlog\link.write.1.tlog
c:\users\dmn\github\goobysoft\goobysoft\debug\goobysoft.tlog\link.write.2u.tlog
c:\users\dmn\github\goobysoft\goobysoft\debug\goobysoft.tlog\lld-link.command.1.tlog
c:\users\dmn\github\goobysoft\goobysoft\debug\goobysoft.tlog\lld-link.read.1.tlog
c:\users\dmn\github\goobysoft\goobysoft\debug\goobysoft.tlog\lld-link.write.1.tlog
c:\users\dmn\github\goobysoft\goobysoft\debug\goobysoft.tlog\rc.command.1.tlog
c:\users\dmn\github\goobysoft\goobysoft\debug\goobysoft.tlog\rc.read.1.tlog
c:\users\dmn\github\goobysoft\goobysoft\debug\goobysoft.tlog\rc.write.1.tlog
